c:\users\allen_000\documents\github\lcgol d3d9 wrapper\lcgol d3d9 wrapper\lcgol d3d9 wrapper\release\d3d9.pch
c:\users\allen_000\documents\github\lcgol d3d9 wrapper\lcgol d3d9 wrapper\lcgol d3d9 wrapper\release\vc140.pdb
c:\users\allen_000\documents\github\lcgol d3d9 wrapper\lcgol d3d9 wrapper\lcgol d3d9 wrapper\release\stdafx.obj
c:\users\allen_000\documents\github\lcgol d3d9 wrapper\lcgol d3d9 wrapper\lcgol d3d9 wrapper\release\overlay.obj
c:\users\allen_000\documents\github\lcgol d3d9 wrapper\lcgol d3d9 wrapper\lcgol d3d9 wrapper\release\lcgol.obj
c:\users\allen_000\documents\github\lcgol d3d9 wrapper\lcgol d3d9 wrapper\lcgol d3d9 wrapper\release\d3d9.obj
c:\users\allen_000\documents\github\lcgol d3d9 wrapper\lcgol d3d9 wrapper\lcgol d3d9 wrapper\release\assemblyinfo.obj
c:\users\allen_000\documents\github\lcgol d3d9 wrapper\lcgol d3d9 wrapper\lcgol d3d9 wrapper\release\.netframework,version=v4.5.2.assemblyattributes.obj
c:\users\allen_000\documents\github\lcgol d3d9 wrapper\lcgol d3d9 wrapper\lcgol d3d9 wrapper\release\.netframework,version=v4.5.2.assemblyattributes.asm
c:\users\allen_000\documents\github\lcgol d3d9 wrapper\lcgol d3d9 wrapper\release\d3d9.lib
c:\users\allen_000\documents\github\lcgol d3d9 wrapper\lcgol d3d9 wrapper\release\d3d9.exp
c:\users\allen_000\documents\github\lcgol d3d9 wrapper\lcgol d3d9 wrapper\release\d3d9.dll
c:\users\allen_000\documents\github\lcgol d3d9 wrapper\lcgol d3d9 wrapper\release\d3d9.pdb
c:\users\allen_000\documents\github\lcgol d3d9 wrapper\lcgol d3d9 wrapper\lcgol d3d9 wrapper\release\app.res
c:\users\allen_000\documents\github\lcgol d3d9 wrapper\lcgol d3d9 wrapper\lcgol d3d9 wrapper\release\lcgol d3d9 wrapper.vcxprojresolveassemblyreference.cache
c:\users\allen_000\documents\github\lcgol d3d9 wrapper\lcgol d3d9 wrapper\lcgol d3d9 wrapper\release\d3d9.tlog\cl.command.1.tlog
c:\users\allen_000\documents\github\lcgol d3d9 wrapper\lcgol d3d9 wrapper\lcgol d3d9 wrapper\release\d3d9.tlog\cl.read.1.tlog
c:\users\allen_000\documents\github\lcgol d3d9 wrapper\lcgol d3d9 wrapper\lcgol d3d9 wrapper\release\d3d9.tlog\cl.write.1.tlog
c:\users\allen_000\documents\github\lcgol d3d9 wrapper\lcgol d3d9 wrapper\lcgol d3d9 wrapper\release\d3d9.tlog\d3d9.write.1u.tlog
c:\users\allen_000\documents\github\lcgol d3d9 wrapper\lcgol d3d9 wrapper\lcgol d3d9 wrapper\release\d3d9.tlog\link.command.1.tlog
c:\users\allen_000\documents\github\lcgol d3d9 wrapper\lcgol d3d9 wrapper\lcgol d3d9 wrapper\release\d3d9.tlog\link.read.1.tlog
c:\users\allen_000\documents\github\lcgol d3d9 wrapper\lcgol d3d9 wrapper\lcgol d3d9 wrapper\release\d3d9.tlog\link.write.1.tlog
c:\users\allen_000\documents\github\lcgol d3d9 wrapper\lcgol d3d9 wrapper\lcgol d3d9 wrapper\release\d3d9.tlog\metagen.read.1.tlog
c:\users\allen_000\documents\github\lcgol d3d9 wrapper\lcgol d3d9 wrapper\lcgol d3d9 wrapper\release\d3d9.tlog\metagen.write.1.tlog
c:\users\allen_000\documents\github\lcgol d3d9 wrapper\lcgol d3d9 wrapper\lcgol d3d9 wrapper\release\d3d9.tlog\rc.command.1.tlog
c:\users\allen_000\documents\github\lcgol d3d9 wrapper\lcgol d3d9 wrapper\lcgol d3d9 wrapper\release\d3d9.tlog\rc.read.1.tlog
c:\users\allen_000\documents\github\lcgol d3d9 wrapper\lcgol d3d9 wrapper\lcgol d3d9 wrapper\release\d3d9.tlog\rc.write.1.tlog
c:\users\allen_000\documents\github\lcgol d3d9 wrapper\lcgol d3d9 wrapper\lcgol d3d9 wrapper\release\d3d9.tlog\dxtoryhk.dll.bi
c:\users\allen_000\documents\github\lcgol d3d9 wrapper\lcgol d3d9 wrapper\lcgol d3d9 wrapper\release\d3d9.tlog\tzres.dll.bi
